<?xml version="1.0" encoding="UTF-8"?>
<!-- Generated by org.testng.reporters.JUnitXMLReporter -->
<testsuite hostname="DESKTOP-BPGMTVT" failures="0" tests="5" name="Default test" time="53.124" errors="0" timestamp="11 Jun 2024 06:08:31 GMT">
  <testcase classname="in.redBus.BusBooking" name="send_Value_In_From_Input_Box" time="1.418"/>
  <testcase classname="in.redBus.BusBooking" name="validate_Buses_Displayed" time="40.281"/>
  <testcase classname="in.redBus.BusBooking" name="send_Value_In_To_Input_Box" time="1.252"/>
  <testcase classname="in.redBus.BusBooking" name="select_A_Date_From_DropDown" time="0.264"/>
  <testcase classname="in.redBus.BusBooking" name="click_On_Search_Button" time="0.15"/>
</testsuite> <!-- Default test -->
