<?xml version="1.0" encoding="UTF-8"?>
<!-- Generated by org.testng.reporters.JUnitXMLReporter -->
<testsuite hostname="DESKTOP-BPGMTVT" failures="0" tests="5" name="Test2" time="47.314" errors="0" timestamp="11 Jun 2024 09:58:29 GMT">
  <testcase classname="in.redBus.BusBooking" name="send_Value_In_From_Input_Box" time="0.723"/>
  <testcase classname="in.redBus.BusBooking" name="validate_Buses_Displayed" time="40.156"/>
  <testcase classname="in.redBus.BusBooking" name="send_Value_In_To_Input_Box" time="0.945"/>
  <testcase classname="in.redBus.BusBooking" name="select_A_Date_From_DropDown" time="0.055"/>
  <testcase classname="in.redBus.BusBooking" name="click_On_Search_Button" time="0.063"/>
</testsuite> <!-- Test2 -->
